<?xml version="1.0" encoding="UTF-8"?>
<testsuite xmlns:xsi="http://www.w3.org/2001/XMLSchema-instance" xsi:noNamespaceSchemaLocation="https://maven.apache.org/surefire/maven-surefire-plugin/xsd/surefire-test-report.xsd" name="jiangziyi.ProjectApplicationTests" time="2.404" tests="1" errors="0" skipped="0" failures="0">
  <properties>
    <property name="sun.desktop" value="windows"/>
    <property name="awt.toolkit" value="sun.awt.windows.WToolkit"/>
    <property name="file.encoding.pkg" value="sun.io"/>
    <property name="java.specification.version" value="1.8"/>
    <property name="sun.cpu.isalist" value="amd64"/>
    <property name="sun.jnu.encoding" value="GBK"/>
    <property name="java.class.path" value="D:\Git\Java Code\target\test-classes;D:\Git\Java Code\target\classes;D:\Java\repository\org\springframework\boot\spring-boot-starter-web\2.7.5\spring-boot-starter-web-2.7.5.jar;D:\Java\repository\org\springframework\boot\spring-boot-starter\2.7.5\spring-boot-starter-2.7.5.jar;D:\Java\repository\org\springframework\boot\spring-boot-starter-logging\2.7.5\spring-boot-starter-logging-2.7.5.jar;D:\Java\repository\ch\qos\logback\logback-classic\1.2.11\logback-classic-1.2.11.jar;D:\Java\repository\ch\qos\logback\logback-core\1.2.11\logback-core-1.2.11.jar;D:\Java\repository\org\apache\logging\log4j\log4j-to-slf4j\2.17.2\log4j-to-slf4j-2.17.2.jar;D:\Java\repository\org\apache\logging\log4j\log4j-api\2.17.2\log4j-api-2.17.2.jar;D:\Java\repository\org\slf4j\jul-to-slf4j\1.7.36\jul-to-slf4j-1.7.36.jar;D:\Java\repository\jakarta\annotation\jakarta.annotation-api\1.3.5\jakarta.annotation-api-1.3.5.jar;D:\Java\repository\org\yaml\snakeyaml\1.30\snakeyaml-1.30.jar;D:\Java\repository\org\springframework\boot\spring-boot-starter-json\2.7.5\spring-boot-starter-json-2.7.5.jar;D:\Java\repository\com\fasterxml\jackson\datatype\jackson-datatype-jdk8\2.13.4\jackson-datatype-jdk8-2.13.4.jar;D:\Java\repository\com\fasterxml\jackson\datatype\jackson-datatype-jsr310\2.13.4\jackson-datatype-jsr310-2.13.4.jar;D:\Java\repository\com\fasterxml\jackson\module\jackson-module-parameter-names\2.13.4\jackson-module-parameter-names-2.13.4.jar;D:\Java\repository\org\springframework\boot\spring-boot-starter-tomcat\2.7.5\spring-boot-starter-tomcat-2.7.5.jar;D:\Java\repository\org\apache\tomcat\embed\tomcat-embed-core\9.0.68\tomcat-embed-core-9.0.68.jar;D:\Java\repository\org\apache\tomcat\embed\tomcat-embed-el\9.0.68\tomcat-embed-el-9.0.68.jar;D:\Java\repository\org\apache\tomcat\embed\tomcat-embed-websocket\9.0.68\tomcat-embed-websocket-9.0.68.jar;D:\Java\repository\org\springframework\spring-web\5.3.23\spring-web-5.3.23.jar;D:\Java\repository\org\springframework\spring-beans\5.3.23\spring-beans-5.3.23.jar;D:\Java\repository\org\springframework\spring-webmvc\5.3.23\spring-webmvc-5.3.23.jar;D:\Java\repository\org\springframework\spring-aop\5.3.23\spring-aop-5.3.23.jar;D:\Java\repository\org\springframework\spring-context\5.3.23\spring-context-5.3.23.jar;D:\Java\repository\org\springframework\spring-expression\5.3.23\spring-expression-5.3.23.jar;D:\Java\repository\org\springframework\boot\spring-boot-starter-thymeleaf\2.7.5\spring-boot-starter-thymeleaf-2.7.5.jar;D:\Java\repository\org\thymeleaf\thymeleaf-spring5\3.0.15.RELEASE\thymeleaf-spring5-3.0.15.RELEASE.jar;D:\Java\repository\org\thymeleaf\thymeleaf\3.0.15.RELEASE\thymeleaf-3.0.15.RELEASE.jar;D:\Java\repository\org\attoparser\attoparser\2.0.5.RELEASE\attoparser-2.0.5.RELEASE.jar;D:\Java\repository\org\unbescape\unbescape\1.1.6.RELEASE\unbescape-1.1.6.RELEASE.jar;D:\Java\repository\org\slf4j\slf4j-api\1.7.36\slf4j-api-1.7.36.jar;D:\Java\repository\org\thymeleaf\extras\thymeleaf-extras-java8time\3.0.4.RELEASE\thymeleaf-extras-java8time-3.0.4.RELEASE.jar;D:\Java\repository\org\mybatis\spring\boot\mybatis-spring-boot-starter\2.2.2\mybatis-spring-boot-starter-2.2.2.jar;D:\Java\repository\org\springframework\boot\spring-boot-starter-jdbc\2.7.5\spring-boot-starter-jdbc-2.7.5.jar;D:\Java\repository\com\zaxxer\HikariCP\4.0.3\HikariCP-4.0.3.jar;D:\Java\repository\org\springframework\spring-jdbc\5.3.23\spring-jdbc-5.3.23.jar;D:\Java\repository\org\springframework\spring-tx\5.3.23\spring-tx-5.3.23.jar;D:\Java\repository\org\mybatis\spring\boot\mybatis-spring-boot-autoconfigure\2.2.2\mybatis-spring-boot-autoconfigure-2.2.2.jar;D:\Java\repository\org\mybatis\mybatis\3.5.9\mybatis-3.5.9.jar;D:\Java\repository\org\mybatis\mybatis-spring\2.0.7\mybatis-spring-2.0.7.jar;D:\Java\repository\com\mysql\mysql-connector-j\8.0.31\mysql-connector-j-8.0.31.jar;D:\Java\repository\com\alibaba\druid\1.2.4\druid-1.2.4.jar;D:\Java\repository\org\projectlombok\lombok\1.18.24\lombok-1.18.24.jar;D:\Java\repository\com\github\pagehelper\pagehelper-spring-boot-starter\1.4.5\pagehelper-spring-boot-starter-1.4.5.jar;D:\Java\repository\com\github\pagehelper\pagehelper-spring-boot-autoconfigure\1.4.5\pagehelper-spring-boot-autoconfigure-1.4.5.jar;D:\Java\repository\com\github\pagehelper\pagehelper\5.3.2\pagehelper-5.3.2.jar;D:\Java\repository\com\github\jsqlparser\jsqlparser\4.5\jsqlparser-4.5.jar;D:\Java\repository\io\jsonwebtoken\jjwt\0.9.1\jjwt-0.9.1.jar;D:\Java\repository\com\fasterxml\jackson\core\jackson-databind\2.13.4.2\jackson-databind-2.13.4.2.jar;D:\Java\repository\com\fasterxml\jackson\core\jackson-annotations\2.13.4\jackson-annotations-2.13.4.jar;D:\Java\repository\com\fasterxml\jackson\core\jackson-core\2.13.4\jackson-core-2.13.4.jar;D:\Java\repository\cn\dev33\sa-token-spring-boot-starter\1.29.0\sa-token-spring-boot-starter-1.29.0.jar;D:\Java\repository\cn\dev33\sa-token-servlet\1.29.0\sa-token-servlet-1.29.0.jar;D:\Java\repository\cn\dev33\sa-token-core\1.29.0\sa-token-core-1.29.0.jar;D:\Java\repository\javax\xml\bind\jaxb-api\2.3.1\jaxb-api-2.3.1.jar;D:\Java\repository\javax\activation\javax.activation-api\1.2.0\javax.activation-api-1.2.0.jar;D:\Java\repository\org\springframework\boot\spring-boot-devtools\2.7.5\spring-boot-devtools-2.7.5.jar;D:\Java\repository\org\springframework\boot\spring-boot\2.7.5\spring-boot-2.7.5.jar;D:\Java\repository\org\springframework\boot\spring-boot-autoconfigure\2.7.5\spring-boot-autoconfigure-2.7.5.jar;D:\Java\repository\org\springframework\boot\spring-boot-starter-test\2.7.5\spring-boot-starter-test-2.7.5.jar;D:\Java\repository\org\springframework\boot\spring-boot-test\2.7.5\spring-boot-test-2.7.5.jar;D:\Java\repository\org\springframework\boot\spring-boot-test-autoconfigure\2.7.5\spring-boot-test-autoconfigure-2.7.5.jar;D:\Java\repository\com\jayway\jsonpath\json-path\2.7.0\json-path-2.7.0.jar;D:\Java\repository\net\minidev\json-smart\2.4.8\json-smart-2.4.8.jar;D:\Java\repository\net\minidev\accessors-smart\2.4.8\accessors-smart-2.4.8.jar;D:\Java\repository\org\ow2\asm\asm\9.1\asm-9.1.jar;D:\Java\repository\jakarta\xml\bind\jakarta.xml.bind-api\2.3.3\jakarta.xml.bind-api-2.3.3.jar;D:\Java\repository\jakarta\activation\jakarta.activation-api\1.2.2\jakarta.activation-api-1.2.2.jar;D:\Java\repository\org\assertj\assertj-core\3.22.0\assertj-core-3.22.0.jar;D:\Java\repository\org\hamcrest\hamcrest\2.2\hamcrest-2.2.jar;D:\Java\repository\org\junit\jupiter\junit-jupiter\5.8.2\junit-jupiter-5.8.2.jar;D:\Java\repository\org\junit\jupiter\junit-jupiter-api\5.8.2\junit-jupiter-api-5.8.2.jar;D:\Java\repository\org\opentest4j\opentest4j\1.2.0\opentest4j-1.2.0.jar;D:\Java\repository\org\junit\platform\junit-platform-commons\1.8.2\junit-platform-commons-1.8.2.jar;D:\Java\repository\org\apiguardian\apiguardian-api\1.1.2\apiguardian-api-1.1.2.jar;D:\Java\repository\org\junit\jupiter\junit-jupiter-params\5.8.2\junit-jupiter-params-5.8.2.jar;D:\Java\repository\org\junit\jupiter\junit-jupiter-engine\5.8.2\junit-jupiter-engine-5.8.2.jar;D:\Java\repository\org\junit\platform\junit-platform-engine\1.8.2\junit-platform-engine-1.8.2.jar;D:\Java\repository\org\mockito\mockito-core\4.5.1\mockito-core-4.5.1.jar;D:\Java\repository\net\bytebuddy\byte-buddy\1.12.18\byte-buddy-1.12.18.jar;D:\Java\repository\net\bytebuddy\byte-buddy-agent\1.12.18\byte-buddy-agent-1.12.18.jar;D:\Java\repository\org\objenesis\objenesis\3.2\objenesis-3.2.jar;D:\Java\repository\org\mockito\mockito-junit-jupiter\4.5.1\mockito-junit-jupiter-4.5.1.jar;D:\Java\repository\org\skyscreamer\jsonassert\1.5.1\jsonassert-1.5.1.jar;D:\Java\repository\com\vaadin\external\google\android-json\0.0.20131108.vaadin1\android-json-0.0.20131108.vaadin1.jar;D:\Java\repository\org\springframework\spring-core\5.3.23\spring-core-5.3.23.jar;D:\Java\repository\org\springframework\spring-jcl\5.3.23\spring-jcl-5.3.23.jar;D:\Java\repository\org\springframework\spring-test\5.3.23\spring-test-5.3.23.jar;D:\Java\repository\org\xmlunit\xmlunit-core\2.9.0\xmlunit-core-2.9.0.jar;"/>
    <property name="java.vm.vendor" value="Oracle Corporation"/>
    <property name="sun.arch.data.model" value="64"/>
    <property name="user.variant" value=""/>
    <property name="java.vendor.url" value="http://java.oracle.com/"/>
    <property name="user.timezone" value="Asia/Shanghai"/>
    <property name="java.vm.specification.version" value="1.8"/>
    <property name="os.name" value="Windows 10"/>
    <property name="user.country" value="CN"/>
    <property name="sun.java.launcher" value="SUN_STANDARD"/>
    <property name="sun.boot.library.path" value="D:\Java\jdk\jre\bin"/>
    <property name="sun.java.command" value="C:\Users\jzywd\AppData\Local\Temp\surefire5350283577962603401\surefirebooter1599904997734170794.jar C:\Users\jzywd\AppData\Local\Temp\surefire5350283577962603401 2023-01-17T17-14-16_256-jvmRun1 surefire1016404323076748027tmp surefire_04789630237926921650tmp"/>
    <property name="surefire.test.class.path" value="D:\Git\Java Code\target\test-classes;D:\Git\Java Code\target\classes;D:\Java\repository\org\springframework\boot\spring-boot-starter-web\2.7.5\spring-boot-starter-web-2.7.5.jar;D:\Java\repository\org\springframework\boot\spring-boot-starter\2.7.5\spring-boot-starter-2.7.5.jar;D:\Java\repository\org\springframework\boot\spring-boot-starter-logging\2.7.5\spring-boot-starter-logging-2.7.5.jar;D:\Java\repository\ch\qos\logback\logback-classic\1.2.11\logback-classic-1.2.11.jar;D:\Java\repository\ch\qos\logback\logback-core\1.2.11\logback-core-1.2.11.jar;D:\Java\repository\org\apache\logging\log4j\log4j-to-slf4j\2.17.2\log4j-to-slf4j-2.17.2.jar;D:\Java\repository\org\apache\logging\log4j\log4j-api\2.17.2\log4j-api-2.17.2.jar;D:\Java\repository\org\slf4j\jul-to-slf4j\1.7.36\jul-to-slf4j-1.7.36.jar;D:\Java\repository\jakarta\annotation\jakarta.annotation-api\1.3.5\jakarta.annotation-api-1.3.5.jar;D:\Java\repository\org\yaml\snakeyaml\1.30\snakeyaml-1.30.jar;D:\Java\repository\org\springframework\boot\spring-boot-starter-json\2.7.5\spring-boot-starter-json-2.7.5.jar;D:\Java\repository\com\fasterxml\jackson\datatype\jackson-datatype-jdk8\2.13.4\jackson-datatype-jdk8-2.13.4.jar;D:\Java\repository\com\fasterxml\jackson\datatype\jackson-datatype-jsr310\2.13.4\jackson-datatype-jsr310-2.13.4.jar;D:\Java\repository\com\fasterxml\jackson\module\jackson-module-parameter-names\2.13.4\jackson-module-parameter-names-2.13.4.jar;D:\Java\repository\org\springframework\boot\spring-boot-starter-tomcat\2.7.5\spring-boot-starter-tomcat-2.7.5.jar;D:\Java\repository\org\apache\tomcat\embed\tomcat-embed-core\9.0.68\tomcat-embed-core-9.0.68.jar;D:\Java\repository\org\apache\tomcat\embed\tomcat-embed-el\9.0.68\tomcat-embed-el-9.0.68.jar;D:\Java\repository\org\apache\tomcat\embed\tomcat-embed-websocket\9.0.68\tomcat-embed-websocket-9.0.68.jar;D:\Java\repository\org\springframework\spring-web\5.3.23\spring-web-5.3.23.jar;D:\Java\repository\org\springframework\spring-beans\5.3.23\spring-beans-5.3.23.jar;D:\Java\repository\org\springframework\spring-webmvc\5.3.23\spring-webmvc-5.3.23.jar;D:\Java\repository\org\springframework\spring-aop\5.3.23\spring-aop-5.3.23.jar;D:\Java\repository\org\springframework\spring-context\5.3.23\spring-context-5.3.23.jar;D:\Java\repository\org\springframework\spring-expression\5.3.23\spring-expression-5.3.23.jar;D:\Java\repository\org\springframework\boot\spring-boot-starter-thymeleaf\2.7.5\spring-boot-starter-thymeleaf-2.7.5.jar;D:\Java\repository\org\thymeleaf\thymeleaf-spring5\3.0.15.RELEASE\thymeleaf-spring5-3.0.15.RELEASE.jar;D:\Java\repository\org\thymeleaf\thymeleaf\3.0.15.RELEASE\thymeleaf-3.0.15.RELEASE.jar;D:\Java\repository\org\attoparser\attoparser\2.0.5.RELEASE\attoparser-2.0.5.RELEASE.jar;D:\Java\repository\org\unbescape\unbescape\1.1.6.RELEASE\unbescape-1.1.6.RELEASE.jar;D:\Java\repository\org\slf4j\slf4j-api\1.7.36\slf4j-api-1.7.36.jar;D:\Java\repository\org\thymeleaf\extras\thymeleaf-extras-java8time\3.0.4.RELEASE\thymeleaf-extras-java8time-3.0.4.RELEASE.jar;D:\Java\repository\org\mybatis\spring\boot\mybatis-spring-boot-starter\2.2.2\mybatis-spring-boot-starter-2.2.2.jar;D:\Java\repository\org\springframework\boot\spring-boot-starter-jdbc\2.7.5\spring-boot-starter-jdbc-2.7.5.jar;D:\Java\repository\com\zaxxer\HikariCP\4.0.3\HikariCP-4.0.3.jar;D:\Java\repository\org\springframework\spring-jdbc\5.3.23\spring-jdbc-5.3.23.jar;D:\Java\repository\org\springframework\spring-tx\5.3.23\spring-tx-5.3.23.jar;D:\Java\repository\org\mybatis\spring\boot\mybatis-spring-boot-autoconfigure\2.2.2\mybatis-spring-boot-autoconfigure-2.2.2.jar;D:\Java\repository\org\mybatis\mybatis\3.5.9\mybatis-3.5.9.jar;D:\Java\repository\org\mybatis\mybatis-spring\2.0.7\mybatis-spring-2.0.7.jar;D:\Java\repository\com\mysql\mysql-connector-j\8.0.31\mysql-connector-j-8.0.31.jar;D:\Java\repository\com\alibaba\druid\1.2.4\druid-1.2.4.jar;D:\Java\repository\org\projectlombok\lombok\1.18.24\lombok-1.18.24.jar;D:\Java\repository\com\github\pagehelper\pagehelper-spring-boot-starter\1.4.5\pagehelper-spring-boot-starter-1.4.5.jar;D:\Java\repository\com\github\pagehelper\pagehelper-spring-boot-autoconfigure\1.4.5\pagehelper-spring-boot-autoconfigure-1.4.5.jar;D:\Java\repository\com\github\pagehelper\pagehelper\5.3.2\pagehelper-5.3.2.jar;D:\Java\repository\com\github\jsqlparser\jsqlparser\4.5\jsqlparser-4.5.jar;D:\Java\repository\io\jsonwebtoken\jjwt\0.9.1\jjwt-0.9.1.jar;D:\Java\repository\com\fasterxml\jackson\core\jackson-databind\2.13.4.2\jackson-databind-2.13.4.2.jar;D:\Java\repository\com\fasterxml\jackson\core\jackson-annotations\2.13.4\jackson-annotations-2.13.4.jar;D:\Java\repository\com\fasterxml\jackson\core\jackson-core\2.13.4\jackson-core-2.13.4.jar;D:\Java\repository\cn\dev33\sa-token-spring-boot-starter\1.29.0\sa-token-spring-boot-starter-1.29.0.jar;D:\Java\repository\cn\dev33\sa-token-servlet\1.29.0\sa-token-servlet-1.29.0.jar;D:\Java\repository\cn\dev33\sa-token-core\1.29.0\sa-token-core-1.29.0.jar;D:\Java\repository\javax\xml\bind\jaxb-api\2.3.1\jaxb-api-2.3.1.jar;D:\Java\repository\javax\activation\javax.activation-api\1.2.0\javax.activation-api-1.2.0.jar;D:\Java\repository\org\springframework\boot\spring-boot-devtools\2.7.5\spring-boot-devtools-2.7.5.jar;D:\Java\repository\org\springframework\boot\spring-boot\2.7.5\spring-boot-2.7.5.jar;D:\Java\repository\org\springframework\boot\spring-boot-autoconfigure\2.7.5\spring-boot-autoconfigure-2.7.5.jar;D:\Java\repository\org\springframework\boot\spring-boot-starter-test\2.7.5\spring-boot-starter-test-2.7.5.jar;D:\Java\repository\org\springframework\boot\spring-boot-test\2.7.5\spring-boot-test-2.7.5.jar;D:\Java\repository\org\springframework\boot\spring-boot-test-autoconfigure\2.7.5\spring-boot-test-autoconfigure-2.7.5.jar;D:\Java\repository\com\jayway\jsonpath\json-path\2.7.0\json-path-2.7.0.jar;D:\Java\repository\net\minidev\json-smart\2.4.8\json-smart-2.4.8.jar;D:\Java\repository\net\minidev\accessors-smart\2.4.8\accessors-smart-2.4.8.jar;D:\Java\repository\org\ow2\asm\asm\9.1\asm-9.1.jar;D:\Java\repository\jakarta\xml\bind\jakarta.xml.bind-api\2.3.3\jakarta.xml.bind-api-2.3.3.jar;D:\Java\repository\jakarta\activation\jakarta.activation-api\1.2.2\jakarta.activation-api-1.2.2.jar;D:\Java\repository\org\assertj\assertj-core\3.22.0\assertj-core-3.22.0.jar;D:\Java\repository\org\hamcrest\hamcrest\2.2\hamcrest-2.2.jar;D:\Java\repository\org\junit\jupiter\junit-jupiter\5.8.2\junit-jupiter-5.8.2.jar;D:\Java\repository\org\junit\jupiter\junit-jupiter-api\5.8.2\junit-jupiter-api-5.8.2.jar;D:\Java\repository\org\opentest4j\opentest4j\1.2.0\opentest4j-1.2.0.jar;D:\Java\repository\org\junit\platform\junit-platform-commons\1.8.2\junit-platform-commons-1.8.2.jar;D:\Java\repository\org\apiguardian\apiguardian-api\1.1.2\apiguardian-api-1.1.2.jar;D:\Java\repository\org\junit\jupiter\junit-jupiter-params\5.8.2\junit-jupiter-params-5.8.2.jar;D:\Java\repository\org\junit\jupiter\junit-jupiter-engine\5.8.2\junit-jupiter-engine-5.8.2.jar;D:\Java\repository\org\junit\platform\junit-platform-engine\1.8.2\junit-platform-engine-1.8.2.jar;D:\Java\repository\org\mockito\mockito-core\4.5.1\mockito-core-4.5.1.jar;D:\Java\repository\net\bytebuddy\byte-buddy\1.12.18\byte-buddy-1.12.18.jar;D:\Java\repository\net\bytebuddy\byte-buddy-agent\1.12.18\byte-buddy-agent-1.12.18.jar;D:\Java\repository\org\objenesis\objenesis\3.2\objenesis-3.2.jar;D:\Java\repository\org\mockito\mockito-junit-jupiter\4.5.1\mockito-junit-jupiter-4.5.1.jar;D:\Java\repository\org\skyscreamer\jsonassert\1.5.1\jsonassert-1.5.1.jar;D:\Java\repository\com\vaadin\external\google\android-json\0.0.20131108.vaadin1\android-json-0.0.20131108.vaadin1.jar;D:\Java\repository\org\springframework\spring-core\5.3.23\spring-core-5.3.23.jar;D:\Java\repository\org\springframework\spring-jcl\5.3.23\spring-jcl-5.3.23.jar;D:\Java\repository\org\springframework\spring-test\5.3.23\spring-test-5.3.23.jar;D:\Java\repository\org\xmlunit\xmlunit-core\2.9.0\xmlunit-core-2.9.0.jar;"/>
    <property name="sun.cpu.endian" value="little"/>
    <property name="user.home" value="C:\Users\jzywd"/>
    <property name="user.language" value="zh"/>
    <property name="java.specification.vendor" value="Oracle Corporation"/>
    <property name="java.home" value="D:\Java\jdk\jre"/>
    <property name="basedir" value="D:\Git\Java Code"/>
    <property name="file.separator" value="\"/>
    <property name="line.separator" value="&#10;"/>
    <property name="java.vm.specification.vendor" value="Oracle Corporation"/>
    <property name="java.specification.name" value="Java Platform API Specification"/>
    <property name="java.awt.graphicsenv" value="sun.awt.Win32GraphicsEnvironment"/>
    <property name="surefire.real.class.path" value="C:\Users\jzywd\AppData\Local\Temp\surefire5350283577962603401\surefirebooter1599904997734170794.jar"/>
    <property name="sun.boot.class.path" value="D:\Java\jdk\jre\lib\resources.jar;D:\Java\jdk\jre\lib\rt.jar;D:\Java\jdk\jre\lib\sunrsasign.jar;D:\Java\jdk\jre\lib\jsse.jar;D:\Java\jdk\jre\lib\jce.jar;D:\Java\jdk\jre\lib\charsets.jar;D:\Java\jdk\jre\lib\jfr.jar;D:\Java\jdk\jre\classes"/>
    <property name="user.script" value=""/>
    <property name="sun.management.compiler" value="HotSpot 64-Bit Tiered Compilers"/>
    <property name="java.runtime.version" value="1.8.0_331-b09"/>
    <property name="user.name" value="jzywd"/>
    <property name="path.separator" value=";"/>
    <property name="os.version" value="10.0"/>
    <property name="java.endorsed.dirs" value="D:\Java\jdk\jre\lib\endorsed"/>
    <property name="java.runtime.name" value="Java(TM) SE Runtime Environment"/>
    <property name="file.encoding" value="GBK"/>
    <property name="java.vm.name" value="Java HotSpot(TM) 64-Bit Server VM"/>
    <property name="localRepository" value="D:\Java\repository"/>
    <property name="java.vendor.url.bug" value="http://bugreport.sun.com/bugreport/"/>
    <property name="java.io.tmpdir" value="C:\Users\jzywd\AppData\Local\Temp\"/>
    <property name="idea.version" value="2022.2.3"/>
    <property name="java.version" value="1.8.0_331"/>
    <property name="user.dir" value="D:\Git\Java Code"/>
    <property name="os.arch" value="amd64"/>
    <property name="java.vm.specification.name" value="Java Virtual Machine Specification"/>
    <property name="java.awt.printerjob" value="sun.awt.windows.WPrinterJob"/>
    <property name="sun.os.patch.level" value=""/>
    <property name="java.library.path" value="D:\Java\jdk\jre\bin;C:\Windows\Sun\Java\bin;C:\Windows\system32;C:\Windows;C:\Windows\system32;C:\Windows;C:\Windows\System32\Wbem;C:\Windows\System32\WindowsPowerShell\v1.0\;C:\Windows\System32\OpenSSH\;C:\Program Files (x86)\NVIDIA Corporation\PhysX\Common;C:\Program Files\NVIDIA Corporation\NVIDIA NvDLISR;C:\Program Files\Intel\WiFi\bin\;C:\Program Files\Common Files\Intel\WirelessCommon\;D:\Git\Git\cmd;D:\Java\jdk\bin;D:\微信web开发者工具\dll;D:\SVN\bin;D:\Xshell\;D:\Xftp\;D:\Java\apache-maven-3.8.6\bin;D:\Java\apache-maven-3.8.6\bin;D:\MySQL\mysql-8.0.31-winx64\bin;;C:\Program Files\python;C:\Program Files\python\Scripts;;D:\BtSoft\panel\script;D:\NodeJS\;C:\Users\jzywd\AppData\Local\Microsoft\WindowsApps;?D:\NodeJS\node_cache;D:\NodeJS\node_global;D:\Java\jdk\bin;D:\其他工具\ffmpeg 5.0\bin;D:\Git\Git\bin\wget;D:\IDEA\IntelliJ IDEA 2022.1.4\bin;;C:\Users\jzywd\AppData\Roaming\npm;D:\WebStorm\WebStorm 2022.3.1\bin;;."/>
    <property name="java.vm.info" value="mixed mode"/>
    <property name="java.vendor" value="Oracle Corporation"/>
    <property name="java.vm.version" value="25.331-b09"/>
    <property name="java.ext.dirs" value="D:\Java\jdk\jre\lib\ext;C:\Windows\Sun\Java\lib\ext"/>
    <property name="sun.io.unicode.encoding" value="UnicodeLittle"/>
    <property name="maven.repo.local" value="D:\Java\repository"/>
    <property name="java.class.version" value="52.0"/>
  </properties>
  <testcase name="contextLoads" classname="jiangziyi.ProjectApplicationTests" time="0.16"/>
</testsuite>